2024-05-23T20:03:02.695835+0300 DEBUG Rendering about2 page
2024-05-23T20:03:05.521718+0300 DEBUG Rendering faq2 page
2024-05-23T20:03:06.513421+0300 DEBUG Rendering news2 page
2024-05-23T20:03:07.934662+0300 DEBUG Rendering policy2 page
2024-05-23T20:03:09.039842+0300 DEBUG Rendering contacts2 page
2024-05-23T20:18:42.030336+0300 DEBUG Rendering contacts2 page
2024-05-23T20:18:58.494920+0300 DEBUG Rendering contacts2 page
2024-05-23T20:19:04.601549+0300 DEBUG Rendering policy2 page
2024-05-23T20:19:05.759249+0300 DEBUG Rendering vacancies2 page
2024-05-23T20:19:09.533872+0300 DEBUG Rendering contacts2 page
2024-05-23T20:19:11.336312+0300 DEBUG Rendering news2 page
2024-05-23T20:19:13.905648+0300 DEBUG Rendering news2 page
2024-05-23T20:21:33.899392+0300 DEBUG Rendering news2 page
2024-05-23T20:21:36.317264+0300 DEBUG Rendering news2 page
2024-05-23T20:21:36.982176+0300 DEBUG Rendering news2 page
2024-05-23T20:42:09.492766+0300 DEBUG Rendering about2 page
2024-05-23T20:42:10.672073+0300 DEBUG Rendering news2 page
2024-05-23T20:42:13.878145+0300 DEBUG Rendering contacts2 page
2024-05-23T20:43:36.392439+0300 DEBUG Rendering news2 page
2024-05-23T20:43:37.609039+0300 DEBUG Rendering news2 page
2024-05-23T20:43:38.815649+0300 DEBUG Rendering news2 page
2024-05-23T20:43:57.314216+0300 DEBUG Rendering news2 page
2024-05-23T20:45:44.943903+0300 DEBUG Rendering policy2 page
2024-05-23T20:45:46.663177+0300 DEBUG Rendering news2 page
2024-05-23T20:45:48.078423+0300 DEBUG Rendering news2 page
2024-05-23T21:33:22.370477+0300 DEBUG Rendering news2 page
2024-05-23T21:33:23.501662+0300 DEBUG Rendering policy2 page
2024-05-23T21:33:24.546362+0300 DEBUG Rendering vacancies2 page
2024-05-23T21:34:48.525183+0300 DEBUG Rendering contacts2 page
2024-05-23T21:34:50.494955+0300 DEBUG Rendering vacancies2 page
2024-05-23T21:48:37.876930+0300 DEBUG Rendering index page
2024-05-23T21:49:31.827422+0300 DEBUG Rendering login page
2024-05-23T21:50:20.241545+0300 DEBUG Rendering login page
2024-05-23T21:50:29.609007+0300 DEBUG Rendering login page
2024-05-23T22:07:28.161987+0300 DEBUG Rendering index page
2024-05-23T22:07:30.271266+0300 DEBUG Rendering login page
2024-05-23T22:07:43.683694+0300 DEBUG Rendering login page
2024-05-23T22:12:25.703129+0300 DEBUG Rendering index page
2024-05-23T22:12:29.179918+0300 DEBUG Rendering login page
2024-05-23T22:12:36.162500+0300 DEBUG Rendering login page
2024-05-23T22:12:49.093033+0300 DEBUG Rendering login page
2024-05-23T22:14:31.398421+0300 DEBUG Rendering index page
2024-05-23T22:14:34.585176+0300 DEBUG Rendering login page
2024-05-23T22:14:45.354650+0300 DEBUG Rendering login page
2024-05-23T22:57:51.211626+0300 DEBUG Rendering login page
2024-05-23T22:57:54.266308+0300 DEBUG Rendering login page
2024-05-23T22:57:55.483251+0300 DEBUG Rendering login page
2024-05-23T23:01:24.378400+0300 DEBUG Rendering index page
2024-05-23T23:02:25.500312+0300 DEBUG Rendering login page
2024-05-23T23:02:33.368599+0300 DEBUG Rendering login page
2024-05-23T23:11:50.350043+0300 DEBUG Rendering login page
2024-05-23T23:11:51.758322+0300 DEBUG Rendering login page
2024-05-23T23:12:10.164666+0300 DEBUG Rendering news2 page
2024-05-23T23:12:11.211920+0300 DEBUG Rendering faq2 page
2024-05-23T23:12:12.869129+0300 DEBUG Rendering contacts2 page
2024-05-23T23:12:13.980317+0300 DEBUG Rendering policy2 page
2024-05-23T23:12:15.405345+0300 DEBUG Rendering vacancies2 page
2024-05-23T23:12:20.915952+0300 DEBUG Rendering faq2 page
2024-05-23T23:12:22.084528+0300 DEBUG Rendering faq2 page
2024-05-23T23:12:22.950926+0300 DEBUG Rendering faq2 page
2024-05-23T23:12:23.668894+0300 DEBUG Rendering about2 page
2024-05-23T23:12:24.822602+0300 DEBUG Rendering contacts2 page
2024-05-23T23:12:25.584870+0300 DEBUG Rendering policy2 page
2024-05-23T23:12:26.378086+0300 DEBUG Rendering vacancies2 page
2024-05-23T23:12:27.464429+0300 DEBUG Rendering vacancies2 page
2024-05-23T23:31:50.244285+0300 DEBUG Rendering index page
2024-05-23T23:31:56.371972+0300 DEBUG Rendering login page
2024-05-23T23:32:08.155758+0300 DEBUG Rendering login page
2024-05-23T23:43:22.656656+0300 DEBUG Rendering login page
2024-05-23T23:52:35.731784+0300 DEBUG Rendering login page
2024-05-23T23:52:38.270154+0300 DEBUG Rendering login page
2024-05-24T00:25:13.471537+0300 DEBUG Rendering index page
2024-05-24T00:25:17.803194+0300 DEBUG Rendering login page
2024-05-24T00:25:19.485972+0300 DEBUG Rendering login page
2024-05-24T00:36:45.147264+0300 DEBUG Rendering index page
2024-05-24T00:37:09.849141+0300 DEBUG Rendering login page
2024-05-24T00:37:17.069185+0300 DEBUG Rendering login page
2024-05-24T01:03:51.486341+0300 DEBUG Rendering index page
2024-05-24T01:04:50.565448+0300 DEBUG Rendering index page
2024-05-24T01:05:10.436023+0300 DEBUG Rendering login page
2024-05-24T01:05:15.079077+0300 DEBUG Rendering login page
2024-05-24T01:06:26.721430+0300 DEBUG Rendering index page
2024-05-24T01:06:28.539675+0300 DEBUG Rendering login page
2024-05-24T01:06:29.806291+0300 DEBUG Rendering login page
2024-05-24T01:06:36.650519+0300 DEBUG Rendering index page
2024-05-24T01:06:38.584415+0300 DEBUG Rendering login page
2024-05-24T01:06:44.204837+0300 DEBUG Rendering login page
2024-05-24T01:06:48.610525+0300 DEBUG Rendering about2 page
2024-05-24T01:17:56.663754+0300 DEBUG Rendering index page
2024-05-24T01:17:58.891985+0300 DEBUG Rendering login page
2024-05-24T01:18:07.440681+0300 DEBUG Rendering login page
2024-05-24T01:23:32.139308+0300 DEBUG Rendering login page
2024-05-24T02:01:56.900268+0300 DEBUG Rendering index page
2024-05-24T02:03:36.584158+0300 DEBUG Rendering index page
2024-05-24T02:03:49.384369+0300 DEBUG Rendering index page
2024-05-24T02:04:53.327788+0300 DEBUG Rendering index page
2024-05-24T02:04:54.613249+0300 DEBUG Rendering index page
2024-05-24T02:05:54.239557+0300 DEBUG Rendering index page
2024-05-24T02:07:03.369366+0300 DEBUG Rendering index page
2024-05-24T02:07:07.618493+0300 DEBUG Rendering index page
2024-05-24T02:07:08.611539+0300 DEBUG Rendering index page
2024-05-24T02:07:09.996167+0300 DEBUG Rendering index page
2024-05-24T02:07:10.732197+0300 DEBUG Rendering index page
2024-05-24T02:07:11.800703+0300 DEBUG Rendering index page
2024-05-24T02:07:26.031775+0300 DEBUG Rendering index page
2024-05-24T02:07:27.055813+0300 DEBUG Rendering index page
2024-05-24T02:09:53.785877+0300 DEBUG Rendering index page
2024-05-24T02:10:35.223002+0300 DEBUG Rendering index page
2024-05-24T02:11:20.888546+0300 DEBUG Rendering index page
2024-05-24T02:11:25.314864+0300 DEBUG Rendering login page
2024-05-24T02:11:26.737629+0300 DEBUG Rendering login page
2024-05-24T02:11:48.348326+0300 DEBUG Rendering index page
2024-05-24T02:11:50.915264+0300 DEBUG Rendering login page
2024-05-24T02:12:03.049832+0300 DEBUG Rendering login page
2024-05-24T02:13:44.911309+0300 DEBUG Rendering feedback page
2024-05-24T02:13:48.097654+0300 DEBUG Rendering login page
2024-05-24T02:13:49.741441+0300 DEBUG Rendering login page
2024-05-24T02:15:43.115339+0300 DEBUG Rendering index page
2024-05-24T02:15:59.175682+0300 DEBUG Rendering index page
2024-05-24T02:16:02.676853+0300 DEBUG Rendering index page
2024-05-24T02:18:17.128627+0300 DEBUG Rendering index page
2024-05-24T02:18:36.590866+0300 DEBUG Rendering index page
2024-05-24T02:18:55.520181+0300 DEBUG Rendering index page
2024-05-24T02:25:38.158973+0300 DEBUG Rendering login page
2024-05-24T02:25:40.072434+0300 DEBUG Rendering login page
2024-05-24T02:58:23.390036+0300 DEBUG Rendering index page
2024-05-24T03:00:01.861952+0300 DEBUG Rendering login page
2024-05-24T03:00:03.536674+0300 DEBUG Rendering login page
2024-05-24T03:00:23.930821+0300 DEBUG Rendering login page
2024-05-24T03:00:26.067899+0300 DEBUG Rendering login page
2024-05-24T03:01:14.221514+0300 DEBUG Rendering about2 page
2024-05-24T03:01:20.307188+0300 DEBUG Rendering about2 page
2024-05-24T03:02:18.364726+0300 DEBUG Rendering news2 page
2024-05-24T03:02:53.744725+0300 DEBUG Rendering news2 page
2024-05-24T03:08:28.892524+0300 DEBUG Rendering index page
2024-05-24T03:08:31.983715+0300 DEBUG Rendering news page
2024-05-24T03:08:56.974067+0300 DEBUG Rendering index page
2024-05-24T03:08:59.013758+0300 DEBUG Rendering login page
2024-05-24T03:09:00.858210+0300 DEBUG Rendering login page
2024-05-24T03:09:06.499976+0300 DEBUG Rendering news2 page
2024-05-24T03:09:27.926765+0300 DEBUG Rendering vacancies2 page
2024-05-24T03:10:39.613236+0300 DEBUG Rendering index page
2024-05-24T03:10:41.731696+0300 DEBUG Rendering login page
2024-05-24T03:10:52.406537+0300 DEBUG Rendering login page
